GROUP,PACKAGE,CLASS,INSTRUCTION_MISSED,INSTRUCTION_COVERED,BRANCH_MISSED,BRANCH_COVERED,LINE_MISSED,LINE_COVERED,COMPLEXITY_MISSED,COMPLEXITY_COVERED,METHOD_MISSED,METHOD_COVERED
SonarDemo,com.example.model,Transaction,52,3,0,0,14,1,8,1,8,1
SonarDemo,com.example.model,Student,49,18,0,0,13,7,6,4,6,4
SonarDemo,com.example,SonarDemoApplication,5,3,0,0,2,1,1,1,1,1
SonarDemo,com.example.controller,TransactionController,16,3,0,0,3,1,3,1,3,1
SonarDemo,com.example.controller,StudentController,10,3,0,0,2,1,2,1,2,1
SonarDemo,com.example.service,TransactionServiceImpl,30,3,0,0,7,1,6,1,6,1
SonarDemo,com.example.service,StudentServiceImpl,15,16,0,0,4,3,3,3,3,3
